<?xml version="1.0" encoding="UTF-8"?>
<!-- Generated by org.testng.reporters.JUnitXMLReporter -->
<testsuite ignored="0" hostname="DESKTOP-1D3CBA8" failures="0" tests="7" name="Test" time="39.808" errors="0" timestamp="2023-01-06T21:40:45 IST">
  <testcase classname="STUDY_TC.ADDSTUDENTPAGE" name="ADD_STUDENTS" time="2.072"/>
  <testcase classname="STUDY_TC.ADDDESKPAGE" name="ADD_DESK" time="0.806"/>
  <testcase classname="STUDY_TC.EDITSTUDENTPAGE" name="EDIT_STUDENT" time="1.154"/>
  <testcase classname="STUDY_TC.EDITDESKPAGE" name="EDITDESK" time="0.73"/>
  <testcase classname="STUDY_TC.VIEWSTUDENTPAGE" name="VIEW_STUDENT" time="4.568"/>
  <testcase classname="STUDY_TC.DELETESTUDENTPAGE" name="DELETESTUDENT" time="0.413"/>
  <testcase classname="STUDY_TC.DELETEDESKPAGE" name="DELETEDESK" time="0.513"/>
</testsuite> <!-- Test -->
