<?xml version="1.0" encoding="UTF-8"?>
<testng-results ignored="0" total="7" passed="7" failed="0" skipped="0">
  <reporter-output>
  </reporter-output>
  <suite started-at="2023-01-06T21:40:04 IST" name="Suite" finished-at="2023-01-06T21:40:44 IST" duration-ms="39808">
    <groups>
    </groups>
    <test started-at="2023-01-06T21:40:04 IST" name="Test" finished-at="2023-01-06T21:40:44 IST" duration-ms="39808">
      <class name="STUDY_TC.DELETEDESKPAGE">
        <test-method is-config="true" signature="setup()[pri:0, instance:STUDY_TC.DELETEDESKPAGE@4386f16]" started-at="2023-01-06T21:40:41 IST" name="setup" finished-at="2023-01-06T21:40:42 IST" duration-ms="1308" status="PASS">
          <reporter-output>
          </reporter-output>
        </test-method> <!-- setup -->
        <test-method is-config="true" signature="login()[pri:0, instance:STUDY_TC.DELETEDESKPAGE@4386f16]" started-at="2023-01-06T21:40:42 IST" name="login" finished-at="2023-01-06T21:40:43 IST" duration-ms="1217" status="PASS">
          <reporter-output>
          </reporter-output>
        </test-method> <!-- login -->
        <test-method signature="DELETEDESK()[pri:0, instance:STUDY_TC.DELETEDESKPAGE@4386f16]" started-at="2023-01-06T21:40:43 IST" name="DELETEDESK" finished-at="2023-01-06T21:40:44 IST" duration-ms="513" status="PASS">
          <reporter-output>
          </reporter-output>
        </test-method> <!-- DELETEDESK -->
        <test-method is-config="true" signature="logout()[pri:0, instance:STUDY_TC.DELETEDESKPAGE@4386f16]" started-at="2023-01-06T21:40:44 IST" name="logout" finished-at="2023-01-06T21:40:44 IST" duration-ms="378" status="PASS">
          <reporter-output>
          </reporter-output>
        </test-method> <!-- logout -->
        <test-method is-config="true" signature="Teardown()[pri:0, instance:STUDY_TC.DELETEDESKPAGE@4386f16]" started-at="2023-01-06T21:40:44 IST" name="Teardown" finished-at="2023-01-06T21:40:44 IST" duration-ms="107" status="PASS">
          <reporter-output>
          </reporter-output>
        </test-method> <!-- Teardown -->
      </class> <!-- STUDY_TC.DELETEDESKPAGE -->
      <class name="STUDY_TC.VIEWSTUDENTPAGE">
        <test-method is-config="true" signature="setup()[pri:0, instance:STUDY_TC.VIEWSTUDENTPAGE@78e117e3]" started-at="2023-01-06T21:40:30 IST" name="setup" finished-at="2023-01-06T21:40:31 IST" duration-ms="1427" status="PASS">
          <reporter-output>
          </reporter-output>
        </test-method> <!-- setup -->
        <test-method is-config="true" signature="login()[pri:0, instance:STUDY_TC.VIEWSTUDENTPAGE@78e117e3]" started-at="2023-01-06T21:40:31 IST" name="login" finished-at="2023-01-06T21:40:32 IST" duration-ms="1077" status="PASS">
          <reporter-output>
          </reporter-output>
        </test-method> <!-- login -->
        <test-method signature="VIEW_STUDENT()[pri:0, instance:STUDY_TC.VIEWSTUDENTPAGE@78e117e3]" started-at="2023-01-06T21:40:32 IST" name="VIEW_STUDENT" finished-at="2023-01-06T21:40:37 IST" duration-ms="4568" status="PASS">
          <reporter-output>
          </reporter-output>
        </test-method> <!-- VIEW_STUDENT -->
        <test-method is-config="true" signature="logout()[pri:0, instance:STUDY_TC.VIEWSTUDENTPAGE@78e117e3]" started-at="2023-01-06T21:40:37 IST" name="logout" finished-at="2023-01-06T21:40:37 IST" duration-ms="268" status="PASS">
          <reporter-output>
          </reporter-output>
        </test-method> <!-- logout -->
        <test-method is-config="true" signature="Teardown()[pri:0, instance:STUDY_TC.VIEWSTUDENTPAGE@78e117e3]" started-at="2023-01-06T21:40:37 IST" name="Teardown" finished-at="2023-01-06T21:40:37 IST" duration-ms="123" status="PASS">
          <reporter-output>
          </reporter-output>
        </test-method> <!-- Teardown -->
      </class> <!-- STUDY_TC.VIEWSTUDENTPAGE -->
      <class name="STUDY_TC.ADDDESKPAGE">
        <test-method is-config="true" signature="setup()[pri:0, instance:STUDY_TC.ADDDESKPAGE@65466a6a]" started-at="2023-01-06T21:40:17 IST" name="setup" finished-at="2023-01-06T21:40:18 IST" duration-ms="1635" status="PASS">
          <reporter-output>
          </reporter-output>
        </test-method> <!-- setup -->
        <test-method is-config="true" signature="login()[pri:0, instance:STUDY_TC.ADDDESKPAGE@65466a6a]" started-at="2023-01-06T21:40:18 IST" name="login" finished-at="2023-01-06T21:40:20 IST" duration-ms="1191" status="PASS">
          <reporter-output>
          </reporter-output>
        </test-method> <!-- login -->
        <test-method signature="ADD_DESK(java.lang.String)[pri:0, instance:STUDY_TC.ADDDESKPAGE@65466a6a]" started-at="2023-01-06T21:40:20 IST" name="ADD_DESK" data-provider="DeskData" finished-at="2023-01-06T21:40:20 IST" duration-ms="806" status="PASS">
          <params>
            <param index="0">
              <value>
                <![CDATA[A1_01]]>
              </value>
            </param>
          </params>
          <reporter-output>
          </reporter-output>
        </test-method> <!-- ADD_DESK -->
        <test-method is-config="true" signature="logout()[pri:0, instance:STUDY_TC.ADDDESKPAGE@65466a6a]" started-at="2023-01-06T21:40:20 IST" name="logout" finished-at="2023-01-06T21:40:21 IST" duration-ms="345" status="PASS">
          <reporter-output>
          </reporter-output>
        </test-method> <!-- logout -->
        <test-method is-config="true" signature="Teardown()[pri:0, instance:STUDY_TC.ADDDESKPAGE@65466a6a]" started-at="2023-01-06T21:40:21 IST" name="Teardown" finished-at="2023-01-06T21:40:21 IST" duration-ms="128" status="PASS">
          <reporter-output>
          </reporter-output>
        </test-method> <!-- Teardown -->
      </class> <!-- STUDY_TC.ADDDESKPAGE -->
      <class name="STUDY_TC.ADDSTUDENTPAGE">
        <test-method is-config="true" signature="setup()[pri:0, instance:STUDY_TC.ADDSTUDENTPAGE@3cc2931c]" started-at="2023-01-06T21:40:05 IST" name="setup" finished-at="2023-01-06T21:40:10 IST" duration-ms="5190" status="PASS">
          <reporter-output>
          </reporter-output>
        </test-method> <!-- setup -->
        <test-method is-config="true" signature="login()[pri:0, instance:STUDY_TC.ADDSTUDENTPAGE@3cc2931c]" started-at="2023-01-06T21:40:12 IST" name="login" finished-at="2023-01-06T21:40:14 IST" duration-ms="1872" status="PASS">
          <reporter-output>
          </reporter-output>
        </test-method> <!-- login -->
        <test-method signature="ADD_STUDENTS(java.lang.String,java.lang.String,java.lang.String,java.lang.String,java.lang.String)[pri:0, instance:STUDY_TC.ADDSTUDENTPAGE@3cc2931c]" started-at="2023-01-06T21:40:14 IST" name="ADD_STUDENTS" data-provider="LoginData" finished-at="2023-01-06T21:40:16 IST" duration-ms="2072" status="PASS">
          <params>
            <param index="0">
              <value>
                <![CDATA[PANDUREDDY]]>
              </value>
            </param>
            <param index="1">
              <value>
                <![CDATA[9087878989]]>
              </value>
            </param>
            <param index="2">
              <value>
                <![CDATA[RAIJI@GMAIL.COM]]>
              </value>
            </param>
            <param index="3">
              <value>
                <![CDATA[BTECH]]>
              </value>
            </param>
            <param index="4">
              <value>
                <![CDATA[WGL]]>
              </value>
            </param>
          </params>
          <reporter-output>
          </reporter-output>
        </test-method> <!-- ADD_STUDENTS -->
        <test-method is-config="true" signature="logout()[pri:0, instance:STUDY_TC.ADDSTUDENTPAGE@3cc2931c]" started-at="2023-01-06T21:40:16 IST" name="logout" finished-at="2023-01-06T21:40:16 IST" duration-ms="327" status="PASS">
          <reporter-output>
          </reporter-output>
        </test-method> <!-- logout -->
        <test-method is-config="true" signature="Teardown()[pri:0, instance:STUDY_TC.ADDSTUDENTPAGE@3cc2931c]" started-at="2023-01-06T21:40:16 IST" name="Teardown" finished-at="2023-01-06T21:40:17 IST" duration-ms="133" status="PASS">
          <reporter-output>
          </reporter-output>
        </test-method> <!-- Teardown -->
      </class> <!-- STUDY_TC.ADDSTUDENTPAGE -->
      <class name="STUDY_TC.EDITSTUDENTPAGE">
        <test-method is-config="true" signature="setup()[pri:0, instance:STUDY_TC.EDITSTUDENTPAGE@4ddced80]" started-at="2023-01-06T21:40:21 IST" name="setup" finished-at="2023-01-06T21:40:22 IST" duration-ms="1284" status="PASS">
          <reporter-output>
          </reporter-output>
        </test-method> <!-- setup -->
        <test-method is-config="true" signature="login()[pri:0, instance:STUDY_TC.EDITSTUDENTPAGE@4ddced80]" started-at="2023-01-06T21:40:22 IST" name="login" finished-at="2023-01-06T21:40:24 IST" duration-ms="1380" status="PASS">
          <reporter-output>
          </reporter-output>
        </test-method> <!-- login -->
        <test-method signature="EDIT_STUDENT(java.lang.String,java.lang.String,java.lang.String,java.lang.String,java.lang.String)[pri:0, instance:STUDY_TC.EDITSTUDENTPAGE@4ddced80]" started-at="2023-01-06T21:40:24 IST" name="EDIT_STUDENT" data-provider="EDITData" finished-at="2023-01-06T21:40:25 IST" duration-ms="1154" status="PASS">
          <params>
            <param index="0">
              <value>
                <![CDATA[SANVIREDDY]]>
              </value>
            </param>
            <param index="1">
              <value>
                <![CDATA[7036553098]]>
              </value>
            </param>
            <param index="2">
              <value>
                <![CDATA[SANVI@GMAIL.COM]]>
              </value>
            </param>
            <param index="3">
              <value>
                <![CDATA[BTECH]]>
              </value>
            </param>
            <param index="4">
              <value>
                <![CDATA[HYD]]>
              </value>
            </param>
          </params>
          <reporter-output>
          </reporter-output>
        </test-method> <!-- EDIT_STUDENT -->
        <test-method is-config="true" signature="logout()[pri:0, instance:STUDY_TC.EDITSTUDENTPAGE@4ddced80]" started-at="2023-01-06T21:40:25 IST" name="logout" finished-at="2023-01-06T21:40:25 IST" duration-ms="378" status="PASS">
          <reporter-output>
          </reporter-output>
        </test-method> <!-- logout -->
        <test-method is-config="true" signature="Teardown()[pri:0, instance:STUDY_TC.EDITSTUDENTPAGE@4ddced80]" started-at="2023-01-06T21:40:25 IST" name="Teardown" finished-at="2023-01-06T21:40:26 IST" duration-ms="232" status="PASS">
          <reporter-output>
          </reporter-output>
        </test-method> <!-- Teardown -->
      </class> <!-- STUDY_TC.EDITSTUDENTPAGE -->
      <class name="STUDY_TC.EDITDESKPAGE">
        <test-method is-config="true" signature="setup()[pri:0, instance:STUDY_TC.EDITDESKPAGE@1534f01b]" started-at="2023-01-06T21:40:26 IST" name="setup" finished-at="2023-01-06T21:40:27 IST" duration-ms="1462" status="PASS">
          <reporter-output>
          </reporter-output>
        </test-method> <!-- setup -->
        <test-method is-config="true" signature="login()[pri:0, instance:STUDY_TC.EDITDESKPAGE@1534f01b]" started-at="2023-01-06T21:40:27 IST" name="login" finished-at="2023-01-06T21:40:28 IST" duration-ms="1418" status="PASS">
          <reporter-output>
          </reporter-output>
        </test-method> <!-- login -->
        <test-method signature="EDITDESK()[pri:0, instance:STUDY_TC.EDITDESKPAGE@1534f01b]" started-at="2023-01-06T21:40:28 IST" name="EDITDESK" finished-at="2023-01-06T21:40:29 IST" duration-ms="730" status="PASS">
          <reporter-output>
          </reporter-output>
        </test-method> <!-- EDITDESK -->
        <test-method is-config="true" signature="logout()[pri:0, instance:STUDY_TC.EDITDESKPAGE@1534f01b]" started-at="2023-01-06T21:40:29 IST" name="logout" finished-at="2023-01-06T21:40:30 IST" duration-ms="445" status="PASS">
          <reporter-output>
          </reporter-output>
        </test-method> <!-- logout -->
        <test-method is-config="true" signature="Teardown()[pri:0, instance:STUDY_TC.EDITDESKPAGE@1534f01b]" started-at="2023-01-06T21:40:30 IST" name="Teardown" finished-at="2023-01-06T21:40:30 IST" duration-ms="115" status="PASS">
          <reporter-output>
          </reporter-output>
        </test-method> <!-- Teardown -->
      </class> <!-- STUDY_TC.EDITDESKPAGE -->
      <class name="STUDY_TC.DELETESTUDENTPAGE">
        <test-method is-config="true" signature="setup()[pri:0, instance:STUDY_TC.DELETESTUDENTPAGE@2ea227af]" started-at="2023-01-06T21:40:37 IST" name="setup" finished-at="2023-01-06T21:40:39 IST" duration-ms="1484" status="PASS">
          <reporter-output>
          </reporter-output>
        </test-method> <!-- setup -->
        <test-method is-config="true" signature="login()[pri:0, instance:STUDY_TC.DELETESTUDENTPAGE@2ea227af]" started-at="2023-01-06T21:40:39 IST" name="login" finished-at="2023-01-06T21:40:40 IST" duration-ms="1128" status="PASS">
          <reporter-output>
          </reporter-output>
        </test-method> <!-- login -->
        <test-method signature="DELETESTUDENT()[pri:0, instance:STUDY_TC.DELETESTUDENTPAGE@2ea227af]" started-at="2023-01-06T21:40:40 IST" name="DELETESTUDENT" finished-at="2023-01-06T21:40:40 IST" duration-ms="413" status="PASS">
          <reporter-output>
          </reporter-output>
        </test-method> <!-- DELETESTUDENT -->
        <test-method is-config="true" signature="logout()[pri:0, instance:STUDY_TC.DELETESTUDENTPAGE@2ea227af]" started-at="2023-01-06T21:40:40 IST" name="logout" finished-at="2023-01-06T21:40:41 IST" duration-ms="322" status="PASS">
          <reporter-output>
          </reporter-output>
        </test-method> <!-- logout -->
        <test-method is-config="true" signature="Teardown()[pri:0, instance:STUDY_TC.DELETESTUDENTPAGE@2ea227af]" started-at="2023-01-06T21:40:41 IST" name="Teardown" finished-at="2023-01-06T21:40:41 IST" duration-ms="133" status="PASS">
          <reporter-output>
          </reporter-output>
        </test-method> <!-- Teardown -->
      </class> <!-- STUDY_TC.DELETESTUDENTPAGE -->
    </test> <!-- Test -->
  </suite> <!-- Suite -->
</testng-results>
